case1
A, ['A'], 2
B, ['A', 'B'], 4
C, ['A', 'B', 'C'], 6
A, ['A', 'B', 'C', 'A'], 8
A, ['A', 'B', 'C', 'A'], 9
A, ['A', 'B', 'C', 'A'], 10
C, ['A', 'B', 'C'], 12
pop, ['A', 'B'], 13
pop, ['A'], 14
pop, [], 15
---
case2
A, ['A'], 2
B, ['A', 'B'], 4
C, ['A', 'B', 'C'], 6
A, ['A', 'B', 'C', 'A'], 8
A, ['A', 'B', 'C', 'A'], 9
A, ['A', 'B', 'C', 'A'], 10
C, ['A', 'B', 'C'], 12
B, ['A', 'B'], 14
pop, ['A'], 15
pop, [], 16
---
case3
A, ['A'], 2
B, ['A', 'B'], 4
C, ['A', 'B', 'C'], 6
C, ['A', 'B', 'C'], 7
C, ['A', 'B', 'C'], 8
A, ['A', 'B', 'C', 'A'], 10
A, ['A', 'B', 'C', 'A'], 11
A, ['A', 'B', 'C', 'A'], 12
C, ['A', 'B', 'C'], 14
B, ['A', 'B'], 16
pop, ['A'], 17
pop, [], 18
---
case4
A, ['A'], 2
B, ['A', 'B'], 4
C, ['A', 'B', 'C'], 6
A, ['A'], 9
A, ['A'], 10
A, ['A'], 11
B, ['A', 'B'], 13
B, ['A', 'B'], 14
B, ['A', 'B'], 15
A, ['A'], 17
C, ['A', 'C'], 19
B, ['A', 'C', 'B'], 21
pop, ['A', 'C'], 22
pop, ['A'], 23
pop, [], 24
---
